find_executable: checking for pg_config... -------------------- yes

--------------------

block in append_ldflags: checking for whether -Wl,-rpath,/Applications/Postgres.app/Contents/Versions/12/lib is accepted as LDFLAGS... -------------------- yes

DYLD_FALLBACK_LIBRARY_PATH=.:/Users/dannyhuang/.rvm/rubies/ruby-3.2.2/lib "gcc -o conftest -I/Users/dannyhuang/.rvm/rubies/ruby-3.2.2/include/ruby-3.2.0/x86_64-darwin23 -I/Users/dannyhuang/.rvm/rubies/ruby-3.2.2/include/ruby-3.2.0/ruby/backward -I/Users/dannyhuang/.rvm/rubies/ruby-3.2.2/include/ruby-3.2.0 -I. -I/Applications/Postgres.app/Contents/Versions/12/include -D_XOPEN_SOURCE -D_DARWIN_C_SOURCE -D_DARWIN_UNLIMITED_SELECT -D_REENTRANT   -O3 -I/usr/local/opt/libyaml/include -I/usr/local/opt/libksba/include -I/usr/local/opt/readline/include -I/usr/local/opt/zlib/include -I/usr/local/opt/openssl@1.1/include -fdeclspec -O3 -fno-fast-math -ggdb3 -Wall -Wextra -Wextra-tokens -Wdeprecated-declarations -Wdivision-by-zero -Wdiv-by-zero -Wimplicit-function-declaration -Wimplicit-int -Wpointer-arith -Wshorten-64-to-32 -Wwrite-strings -Wold-style-definition -Wmissing-noreturn -Wno-constant-logical-operand -Wno-long-long -Wno-missing-field-initializers -Wno-overlength-strings -Wno-parentheses-equality -Wno-self-assign -Wno-tautological-compare -Wno-unused-parameter -Wno-unused-value -Wunused-variable -Wundef -fno-common -pipe conftest.c  -L. -L/Users/dannyhuang/.rvm/rubies/ruby-3.2.2/lib -L/Applications/Postgres.app/Contents/Versions/12/lib -L. -L/usr/local/opt/libyaml/lib -L/usr/local/opt/libksba/lib -L/usr/local/opt/readline/lib -L/usr/local/opt/zlib/lib -L/usr/local/opt/openssl@1.1/lib -fstack-protector-strong     -lruby.3.2  -lpthread  "
checked program was:
/* begin */
1: #include "ruby.h"
2: 
3: int main(int argc, char **argv)
4: {
5:   return !!argv[argc];
6: }
/* end */

DYLD_FALLBACK_LIBRARY_PATH=.:/Users/dannyhuang/.rvm/rubies/ruby-3.2.2/lib "gcc -o conftest -I/Users/dannyhuang/.rvm/rubies/ruby-3.2.2/include/ruby-3.2.0/x86_64-darwin23 -I/Users/dannyhuang/.rvm/rubies/ruby-3.2.2/include/ruby-3.2.0/ruby/backward -I/Users/dannyhuang/.rvm/rubies/ruby-3.2.2/include/ruby-3.2.0 -I. -I/Applications/Postgres.app/Contents/Versions/12/include -D_XOPEN_SOURCE -D_DARWIN_C_SOURCE -D_DARWIN_UNLIMITED_SELECT -D_REENTRANT   -O3 -I/usr/local/opt/libyaml/include -I/usr/local/opt/libksba/include -I/usr/local/opt/readline/include -I/usr/local/opt/zlib/include -I/usr/local/opt/openssl@1.1/include -fdeclspec -O3 -fno-fast-math -ggdb3 -Wall -Wextra -Wextra-tokens -Wdeprecated-declarations -Wdivision-by-zero -Wdiv-by-zero -Wimplicit-function-declaration -Wimplicit-int -Wpointer-arith -Wshorten-64-to-32 -Wwrite-strings -Wold-style-definition -Wmissing-noreturn -Wno-constant-logical-operand -Wno-long-long -Wno-missing-field-initializers -Wno-overlength-strings -Wno-parentheses-equality -Wno-self-assign -Wno-tautological-compare -Wno-unused-parameter -Wno-unused-value -Wunused-variable -Wundef -fno-common -pipe conftest.c  -L. -L/Users/dannyhuang/.rvm/rubies/ruby-3.2.2/lib -L/Applications/Postgres.app/Contents/Versions/12/lib -L. -L/usr/local/opt/libyaml/lib -L/usr/local/opt/libksba/lib -L/usr/local/opt/readline/lib -L/usr/local/opt/zlib/lib -L/usr/local/opt/openssl@1.1/lib -fstack-protector-strong     -lruby.3.2 -Wl,-rpath,/Applications/Postgres.app/Contents/Versions/12/lib -lpthread  "
checked program was:
/* begin */
1: #include "ruby.h"
2: 
3: int main(int argc, char **argv)
4: {
5:   return !!argv[argc];
6: }
/* end */

--------------------

find_header: checking for libpq-fe.h... -------------------- yes

DYLD_FALLBACK_LIBRARY_PATH=.:/Users/dannyhuang/.rvm/rubies/ruby-3.2.2/lib "gcc -I/Users/dannyhuang/.rvm/rubies/ruby-3.2.2/include/ruby-3.2.0/x86_64-darwin23 -I/Users/dannyhuang/.rvm/rubies/ruby-3.2.2/include/ruby-3.2.0/ruby/backward -I/Users/dannyhuang/.rvm/rubies/ruby-3.2.2/include/ruby-3.2.0 -I. -I/Applications/Postgres.app/Contents/Versions/12/include -D_XOPEN_SOURCE -D_DARWIN_C_SOURCE -D_DARWIN_UNLIMITED_SELECT -D_REENTRANT   -O3 -I/usr/local/opt/libyaml/include -I/usr/local/opt/libksba/include -I/usr/local/opt/readline/include -I/usr/local/opt/zlib/include -I/usr/local/opt/openssl@1.1/include -fdeclspec -O3 -fno-fast-math -ggdb3 -Wall -Wextra -Wextra-tokens -Wdeprecated-declarations -Wdivision-by-zero -Wdiv-by-zero -Wimplicit-function-declaration -Wimplicit-int -Wpointer-arith -Wshorten-64-to-32 -Wwrite-strings -Wold-style-definition -Wmissing-noreturn -Wno-constant-logical-operand -Wno-long-long -Wno-missing-field-initializers -Wno-overlength-strings -Wno-parentheses-equality -Wno-self-assign -Wno-tautological-compare -Wno-unused-parameter -Wno-unused-value -Wunused-variable -Wundef -fno-common -pipe   -c conftest.c"
checked program was:
/* begin */
1: #include "ruby.h"
2: 
3: #include <libpq-fe.h>
/* end */

--------------------

find_header: checking for libpq/libpq-fs.h... -------------------- yes

DYLD_FALLBACK_LIBRARY_PATH=.:/Users/dannyhuang/.rvm/rubies/ruby-3.2.2/lib "gcc -I/Users/dannyhuang/.rvm/rubies/ruby-3.2.2/include/ruby-3.2.0/x86_64-darwin23 -I/Users/dannyhuang/.rvm/rubies/ruby-3.2.2/include/ruby-3.2.0/ruby/backward -I/Users/dannyhuang/.rvm/rubies/ruby-3.2.2/include/ruby-3.2.0 -I. -I/Applications/Postgres.app/Contents/Versions/12/include -D_XOPEN_SOURCE -D_DARWIN_C_SOURCE -D_DARWIN_UNLIMITED_SELECT -D_REENTRANT   -O3 -I/usr/local/opt/libyaml/include -I/usr/local/opt/libksba/include -I/usr/local/opt/readline/include -I/usr/local/opt/zlib/include -I/usr/local/opt/openssl@1.1/include -fdeclspec -O3 -fno-fast-math -ggdb3 -Wall -Wextra -Wextra-tokens -Wdeprecated-declarations -Wdivision-by-zero -Wdiv-by-zero -Wimplicit-function-declaration -Wimplicit-int -Wpointer-arith -Wshorten-64-to-32 -Wwrite-strings -Wold-style-definition -Wmissing-noreturn -Wno-constant-logical-operand -Wno-long-long -Wno-missing-field-initializers -Wno-overlength-strings -Wno-parentheses-equality -Wno-self-assign -Wno-tautological-compare -Wno-unused-parameter -Wno-unused-value -Wunused-variable -Wundef -fno-common -pipe   -c conftest.c"
checked program was:
/* begin */
1: #include "ruby.h"
2: 
3: #include <libpq/libpq-fs.h>
/* end */

--------------------

find_header: checking for pg_config_manual.h... -------------------- yes

DYLD_FALLBACK_LIBRARY_PATH=.:/Users/dannyhuang/.rvm/rubies/ruby-3.2.2/lib "gcc -I/Users/dannyhuang/.rvm/rubies/ruby-3.2.2/include/ruby-3.2.0/x86_64-darwin23 -I/Users/dannyhuang/.rvm/rubies/ruby-3.2.2/include/ruby-3.2.0/ruby/backward -I/Users/dannyhuang/.rvm/rubies/ruby-3.2.2/include/ruby-3.2.0 -I. -I/Applications/Postgres.app/Contents/Versions/12/include -D_XOPEN_SOURCE -D_DARWIN_C_SOURCE -D_DARWIN_UNLIMITED_SELECT -D_REENTRANT   -O3 -I/usr/local/opt/libyaml/include -I/usr/local/opt/libksba/include -I/usr/local/opt/readline/include -I/usr/local/opt/zlib/include -I/usr/local/opt/openssl@1.1/include -fdeclspec -O3 -fno-fast-math -ggdb3 -Wall -Wextra -Wextra-tokens -Wdeprecated-declarations -Wdivision-by-zero -Wdiv-by-zero -Wimplicit-function-declaration -Wimplicit-int -Wpointer-arith -Wshorten-64-to-32 -Wwrite-strings -Wold-style-definition -Wmissing-noreturn -Wno-constant-logical-operand -Wno-long-long -Wno-missing-field-initializers -Wno-overlength-strings -Wno-parentheses-equality -Wno-self-assign -Wno-tautological-compare -Wno-unused-parameter -Wno-unused-value -Wunused-variable -Wundef -fno-common -pipe   -c conftest.c"
In file included from conftest.c:3:
/Applications/Postgres.app/Contents/Versions/12/include/pg_config_manual.h:132:5: warning: 'HAVE_DECL_POSIX_FADVISE' is not defined, evaluates to 0 [-Wundef]
#if HAVE_DECL_POSIX_FADVISE && defined(HAVE_POSIX_FADVISE)
    ^
1 warning generated.
checked program was:
/* begin */
1: #include "ruby.h"
2: 
3: #include <pg_config_manual.h>
/* end */

--------------------

have_library: checking for PQconnectdb() in -lpq... -------------------- yes

DYLD_FALLBACK_LIBRARY_PATH=.:/Users/dannyhuang/.rvm/rubies/ruby-3.2.2/lib "gcc -o conftest -I/Users/dannyhuang/.rvm/rubies/ruby-3.2.2/include/ruby-3.2.0/x86_64-darwin23 -I/Users/dannyhuang/.rvm/rubies/ruby-3.2.2/include/ruby-3.2.0/ruby/backward -I/Users/dannyhuang/.rvm/rubies/ruby-3.2.2/include/ruby-3.2.0 -I. -I/Applications/Postgres.app/Contents/Versions/12/include -D_XOPEN_SOURCE -D_DARWIN_C_SOURCE -D_DARWIN_UNLIMITED_SELECT -D_REENTRANT   -O3 -I/usr/local/opt/libyaml/include -I/usr/local/opt/libksba/include -I/usr/local/opt/readline/include -I/usr/local/opt/zlib/include -I/usr/local/opt/openssl@1.1/include -fdeclspec -O3 -fno-fast-math -ggdb3 -Wall -Wextra -Wextra-tokens -Wdeprecated-declarations -Wdivision-by-zero -Wdiv-by-zero -Wimplicit-function-declaration -Wimplicit-int -Wpointer-arith -Wshorten-64-to-32 -Wwrite-strings -Wold-style-definition -Wmissing-noreturn -Wno-constant-logical-operand -Wno-long-long -Wno-missing-field-initializers -Wno-overlength-strings -Wno-parentheses-equality -Wno-self-assign -Wno-tautological-compare -Wno-unused-parameter -Wno-unused-value -Wunused-variable -Wundef -fno-common -pipe conftest.c  -L. -L/Users/dannyhuang/.rvm/rubies/ruby-3.2.2/lib -L/Applications/Postgres.app/Contents/Versions/12/lib -L. -L/usr/local/opt/libyaml/lib -L/usr/local/opt/libksba/lib -L/usr/local/opt/readline/lib -L/usr/local/opt/zlib/lib -L/usr/local/opt/openssl@1.1/lib -fstack-protector-strong -Wl,-rpath,/Applications/Postgres.app/Contents/Versions/12/lib     -lruby.3.2 -lpq  -lpthread  "
checked program was:
/* begin */
 1: #include "ruby.h"
 2: 
 3: #include <libpq-fe.h>
 4: 
 5: /*top*/
 6: extern int t(void);
 7: int main(int argc, char **argv)
 8: {
 9:   if (argc > 1000000) {
10:     int (* volatile tp)(void)=(int (*)(void))&t;
11:     printf("%d", (*tp)());
12:   }
13: 
14:   return !!argv[argc];
15: }
16: int t(void) { void ((*volatile p)()); p = (void ((*)()))PQconnectdb; return !p; }
/* end */

--------------------

have_func: checking for PQconninfo() in libpq-fe.h... -------------------- yes

DYLD_FALLBACK_LIBRARY_PATH=.:/Users/dannyhuang/.rvm/rubies/ruby-3.2.2/lib "gcc -o conftest -I/Users/dannyhuang/.rvm/rubies/ruby-3.2.2/include/ruby-3.2.0/x86_64-darwin23 -I/Users/dannyhuang/.rvm/rubies/ruby-3.2.2/include/ruby-3.2.0/ruby/backward -I/Users/dannyhuang/.rvm/rubies/ruby-3.2.2/include/ruby-3.2.0 -I. -I/Applications/Postgres.app/Contents/Versions/12/include -D_XOPEN_SOURCE -D_DARWIN_C_SOURCE -D_DARWIN_UNLIMITED_SELECT -D_REENTRANT   -O3 -I/usr/local/opt/libyaml/include -I/usr/local/opt/libksba/include -I/usr/local/opt/readline/include -I/usr/local/opt/zlib/include -I/usr/local/opt/openssl@1.1/include -fdeclspec -O3 -fno-fast-math -ggdb3 -Wall -Wextra -Wextra-tokens -Wdeprecated-declarations -Wdivision-by-zero -Wdiv-by-zero -Wimplicit-function-declaration -Wimplicit-int -Wpointer-arith -Wshorten-64-to-32 -Wwrite-strings -Wold-style-definition -Wmissing-noreturn -Wno-constant-logical-operand -Wno-long-long -Wno-missing-field-initializers -Wno-overlength-strings -Wno-parentheses-equality -Wno-self-assign -Wno-tautological-compare -Wno-unused-parameter -Wno-unused-value -Wunused-variable -Wundef -fno-common -pipe conftest.c  -L. -L/Users/dannyhuang/.rvm/rubies/ruby-3.2.2/lib -L/Applications/Postgres.app/Contents/Versions/12/lib -L. -L/usr/local/opt/libyaml/lib -L/usr/local/opt/libksba/lib -L/usr/local/opt/readline/lib -L/usr/local/opt/zlib/lib -L/usr/local/opt/openssl@1.1/lib -fstack-protector-strong -Wl,-rpath,/Applications/Postgres.app/Contents/Versions/12/lib    -lpq  -lruby.3.2 -lpq  -lpthread  "
checked program was:
/* begin */
 1: #include "ruby.h"
 2: 
 3: #include <libpq-fe.h>
 4: 
 5: /*top*/
 6: extern int t(void);
 7: int main(int argc, char **argv)
 8: {
 9:   if (argc > 1000000) {
10:     int (* volatile tp)(void)=(int (*)(void))&t;
11:     printf("%d", (*tp)());
12:   }
13: 
14:   return !!argv[argc];
15: }
16: int t(void) { void ((*volatile p)()); p = (void ((*)()))PQconninfo; return !p; }
/* end */

--------------------

have_func: checking for PQsslAttribute() in libpq-fe.h... -------------------- yes

DYLD_FALLBACK_LIBRARY_PATH=.:/Users/dannyhuang/.rvm/rubies/ruby-3.2.2/lib "gcc -o conftest -I/Users/dannyhuang/.rvm/rubies/ruby-3.2.2/include/ruby-3.2.0/x86_64-darwin23 -I/Users/dannyhuang/.rvm/rubies/ruby-3.2.2/include/ruby-3.2.0/ruby/backward -I/Users/dannyhuang/.rvm/rubies/ruby-3.2.2/include/ruby-3.2.0 -I. -I/Applications/Postgres.app/Contents/Versions/12/include -D_XOPEN_SOURCE -D_DARWIN_C_SOURCE -D_DARWIN_UNLIMITED_SELECT -D_REENTRANT   -O3 -I/usr/local/opt/libyaml/include -I/usr/local/opt/libksba/include -I/usr/local/opt/readline/include -I/usr/local/opt/zlib/include -I/usr/local/opt/openssl@1.1/include -fdeclspec -O3 -fno-fast-math -ggdb3 -Wall -Wextra -Wextra-tokens -Wdeprecated-declarations -Wdivision-by-zero -Wdiv-by-zero -Wimplicit-function-declaration -Wimplicit-int -Wpointer-arith -Wshorten-64-to-32 -Wwrite-strings -Wold-style-definition -Wmissing-noreturn -Wno-constant-logical-operand -Wno-long-long -Wno-missing-field-initializers -Wno-overlength-strings -Wno-parentheses-equality -Wno-self-assign -Wno-tautological-compare -Wno-unused-parameter -Wno-unused-value -Wunused-variable -Wundef -fno-common -pipe conftest.c  -L. -L/Users/dannyhuang/.rvm/rubies/ruby-3.2.2/lib -L/Applications/Postgres.app/Contents/Versions/12/lib -L. -L/usr/local/opt/libyaml/lib -L/usr/local/opt/libksba/lib -L/usr/local/opt/readline/lib -L/usr/local/opt/zlib/lib -L/usr/local/opt/openssl@1.1/lib -fstack-protector-strong -Wl,-rpath,/Applications/Postgres.app/Contents/Versions/12/lib    -lpq  -lruby.3.2 -lpq  -lpthread  "
checked program was:
/* begin */
 1: #include "ruby.h"
 2: 
 3: #include <libpq-fe.h>
 4: 
 5: /*top*/
 6: extern int t(void);
 7: int main(int argc, char **argv)
 8: {
 9:   if (argc > 1000000) {
10:     int (* volatile tp)(void)=(int (*)(void))&t;
11:     printf("%d", (*tp)());
12:   }
13: 
14:   return !!argv[argc];
15: }
16: int t(void) { void ((*volatile p)()); p = (void ((*)()))PQsslAttribute; return !p; }
/* end */

--------------------

have_func: checking for PQresultVerboseErrorMessage() in libpq-fe.h... -------------------- yes

DYLD_FALLBACK_LIBRARY_PATH=.:/Users/dannyhuang/.rvm/rubies/ruby-3.2.2/lib "gcc -o conftest -I/Users/dannyhuang/.rvm/rubies/ruby-3.2.2/include/ruby-3.2.0/x86_64-darwin23 -I/Users/dannyhuang/.rvm/rubies/ruby-3.2.2/include/ruby-3.2.0/ruby/backward -I/Users/dannyhuang/.rvm/rubies/ruby-3.2.2/include/ruby-3.2.0 -I. -I/Applications/Postgres.app/Contents/Versions/12/include -D_XOPEN_SOURCE -D_DARWIN_C_SOURCE -D_DARWIN_UNLIMITED_SELECT -D_REENTRANT   -O3 -I/usr/local/opt/libyaml/include -I/usr/local/opt/libksba/include -I/usr/local/opt/readline/include -I/usr/local/opt/zlib/include -I/usr/local/opt/openssl@1.1/include -fdeclspec -O3 -fno-fast-math -ggdb3 -Wall -Wextra -Wextra-tokens -Wdeprecated-declarations -Wdivision-by-zero -Wdiv-by-zero -Wimplicit-function-declaration -Wimplicit-int -Wpointer-arith -Wshorten-64-to-32 -Wwrite-strings -Wold-style-definition -Wmissing-noreturn -Wno-constant-logical-operand -Wno-long-long -Wno-missing-field-initializers -Wno-overlength-strings -Wno-parentheses-equality -Wno-self-assign -Wno-tautological-compare -Wno-unused-parameter -Wno-unused-value -Wunused-variable -Wundef -fno-common -pipe conftest.c  -L. -L/Users/dannyhuang/.rvm/rubies/ruby-3.2.2/lib -L/Applications/Postgres.app/Contents/Versions/12/lib -L. -L/usr/local/opt/libyaml/lib -L/usr/local/opt/libksba/lib -L/usr/local/opt/readline/lib -L/usr/local/opt/zlib/lib -L/usr/local/opt/openssl@1.1/lib -fstack-protector-strong -Wl,-rpath,/Applications/Postgres.app/Contents/Versions/12/lib    -lpq  -lruby.3.2 -lpq  -lpthread  "
checked program was:
/* begin */
 1: #include "ruby.h"
 2: 
 3: #include <libpq-fe.h>
 4: 
 5: /*top*/
 6: extern int t(void);
 7: int main(int argc, char **argv)
 8: {
 9:   if (argc > 1000000) {
10:     int (* volatile tp)(void)=(int (*)(void))&t;
11:     printf("%d", (*tp)());
12:   }
13: 
14:   return !!argv[argc];
15: }
16: int t(void) { void ((*volatile p)()); p = (void ((*)()))PQresultVerboseErrorMessage; return !p; }
/* end */

--------------------

have_func: checking for PQencryptPasswordConn() in libpq-fe.h... -------------------- yes

DYLD_FALLBACK_LIBRARY_PATH=.:/Users/dannyhuang/.rvm/rubies/ruby-3.2.2/lib "gcc -o conftest -I/Users/dannyhuang/.rvm/rubies/ruby-3.2.2/include/ruby-3.2.0/x86_64-darwin23 -I/Users/dannyhuang/.rvm/rubies/ruby-3.2.2/include/ruby-3.2.0/ruby/backward -I/Users/dannyhuang/.rvm/rubies/ruby-3.2.2/include/ruby-3.2.0 -I. -I/Applications/Postgres.app/Contents/Versions/12/include -D_XOPEN_SOURCE -D_DARWIN_C_SOURCE -D_DARWIN_UNLIMITED_SELECT -D_REENTRANT   -O3 -I/usr/local/opt/libyaml/include -I/usr/local/opt/libksba/include -I/usr/local/opt/readline/include -I/usr/local/opt/zlib/include -I/usr/local/opt/openssl@1.1/include -fdeclspec -O3 -fno-fast-math -ggdb3 -Wall -Wextra -Wextra-tokens -Wdeprecated-declarations -Wdivision-by-zero -Wdiv-by-zero -Wimplicit-function-declaration -Wimplicit-int -Wpointer-arith -Wshorten-64-to-32 -Wwrite-strings -Wold-style-definition -Wmissing-noreturn -Wno-constant-logical-operand -Wno-long-long -Wno-missing-field-initializers -Wno-overlength-strings -Wno-parentheses-equality -Wno-self-assign -Wno-tautological-compare -Wno-unused-parameter -Wno-unused-value -Wunused-variable -Wundef -fno-common -pipe conftest.c  -L. -L/Users/dannyhuang/.rvm/rubies/ruby-3.2.2/lib -L/Applications/Postgres.app/Contents/Versions/12/lib -L. -L/usr/local/opt/libyaml/lib -L/usr/local/opt/libksba/lib -L/usr/local/opt/readline/lib -L/usr/local/opt/zlib/lib -L/usr/local/opt/openssl@1.1/lib -fstack-protector-strong -Wl,-rpath,/Applications/Postgres.app/Contents/Versions/12/lib    -lpq  -lruby.3.2 -lpq  -lpthread  "
checked program was:
/* begin */
 1: #include "ruby.h"
 2: 
 3: #include <libpq-fe.h>
 4: 
 5: /*top*/
 6: extern int t(void);
 7: int main(int argc, char **argv)
 8: {
 9:   if (argc > 1000000) {
10:     int (* volatile tp)(void)=(int (*)(void))&t;
11:     printf("%d", (*tp)());
12:   }
13: 
14:   return !!argv[argc];
15: }
16: int t(void) { void ((*volatile p)()); p = (void ((*)()))PQencryptPasswordConn; return !p; }
/* end */

--------------------

have_func: checking for PQresultMemorySize() in libpq-fe.h... -------------------- yes

DYLD_FALLBACK_LIBRARY_PATH=.:/Users/dannyhuang/.rvm/rubies/ruby-3.2.2/lib "gcc -o conftest -I/Users/dannyhuang/.rvm/rubies/ruby-3.2.2/include/ruby-3.2.0/x86_64-darwin23 -I/Users/dannyhuang/.rvm/rubies/ruby-3.2.2/include/ruby-3.2.0/ruby/backward -I/Users/dannyhuang/.rvm/rubies/ruby-3.2.2/include/ruby-3.2.0 -I. -I/Applications/Postgres.app/Contents/Versions/12/include -D_XOPEN_SOURCE -D_DARWIN_C_SOURCE -D_DARWIN_UNLIMITED_SELECT -D_REENTRANT   -O3 -I/usr/local/opt/libyaml/include -I/usr/local/opt/libksba/include -I/usr/local/opt/readline/include -I/usr/local/opt/zlib/include -I/usr/local/opt/openssl@1.1/include -fdeclspec -O3 -fno-fast-math -ggdb3 -Wall -Wextra -Wextra-tokens -Wdeprecated-declarations -Wdivision-by-zero -Wdiv-by-zero -Wimplicit-function-declaration -Wimplicit-int -Wpointer-arith -Wshorten-64-to-32 -Wwrite-strings -Wold-style-definition -Wmissing-noreturn -Wno-constant-logical-operand -Wno-long-long -Wno-missing-field-initializers -Wno-overlength-strings -Wno-parentheses-equality -Wno-self-assign -Wno-tautological-compare -Wno-unused-parameter -Wno-unused-value -Wunused-variable -Wundef -fno-common -pipe conftest.c  -L. -L/Users/dannyhuang/.rvm/rubies/ruby-3.2.2/lib -L/Applications/Postgres.app/Contents/Versions/12/lib -L. -L/usr/local/opt/libyaml/lib -L/usr/local/opt/libksba/lib -L/usr/local/opt/readline/lib -L/usr/local/opt/zlib/lib -L/usr/local/opt/openssl@1.1/lib -fstack-protector-strong -Wl,-rpath,/Applications/Postgres.app/Contents/Versions/12/lib    -lpq  -lruby.3.2 -lpq  -lpthread  "
checked program was:
/* begin */
 1: #include "ruby.h"
 2: 
 3: #include <libpq-fe.h>
 4: 
 5: /*top*/
 6: extern int t(void);
 7: int main(int argc, char **argv)
 8: {
 9:   if (argc > 1000000) {
10:     int (* volatile tp)(void)=(int (*)(void))&t;
11:     printf("%d", (*tp)());
12:   }
13: 
14:   return !!argv[argc];
15: }
16: int t(void) { void ((*volatile p)()); p = (void ((*)()))PQresultMemorySize; return !p; }
/* end */

--------------------

have_func: checking for PQenterPipelineMode() in libpq-fe.h... -------------------- no

DYLD_FALLBACK_LIBRARY_PATH=.:/Users/dannyhuang/.rvm/rubies/ruby-3.2.2/lib "gcc -o conftest -I/Users/dannyhuang/.rvm/rubies/ruby-3.2.2/include/ruby-3.2.0/x86_64-darwin23 -I/Users/dannyhuang/.rvm/rubies/ruby-3.2.2/include/ruby-3.2.0/ruby/backward -I/Users/dannyhuang/.rvm/rubies/ruby-3.2.2/include/ruby-3.2.0 -I. -I/Applications/Postgres.app/Contents/Versions/12/include -D_XOPEN_SOURCE -D_DARWIN_C_SOURCE -D_DARWIN_UNLIMITED_SELECT -D_REENTRANT   -O3 -I/usr/local/opt/libyaml/include -I/usr/local/opt/libksba/include -I/usr/local/opt/readline/include -I/usr/local/opt/zlib/include -I/usr/local/opt/openssl@1.1/include -fdeclspec -O3 -fno-fast-math -ggdb3 -Wall -Wextra -Wextra-tokens -Wdeprecated-declarations -Wdivision-by-zero -Wdiv-by-zero -Wimplicit-function-declaration -Wimplicit-int -Wpointer-arith -Wshorten-64-to-32 -Wwrite-strings -Wold-style-definition -Wmissing-noreturn -Wno-constant-logical-operand -Wno-long-long -Wno-missing-field-initializers -Wno-overlength-strings -Wno-parentheses-equality -Wno-self-assign -Wno-tautological-compare -Wno-unused-parameter -Wno-unused-value -Wunused-variable -Wundef -fno-common -pipe conftest.c  -L. -L/Users/dannyhuang/.rvm/rubies/ruby-3.2.2/lib -L/Applications/Postgres.app/Contents/Versions/12/lib -L. -L/usr/local/opt/libyaml/lib -L/usr/local/opt/libksba/lib -L/usr/local/opt/readline/lib -L/usr/local/opt/zlib/lib -L/usr/local/opt/openssl@1.1/lib -fstack-protector-strong -Wl,-rpath,/Applications/Postgres.app/Contents/Versions/12/lib    -lpq  -lruby.3.2 -lpq  -lpthread  "
conftest.c:16:57: error: use of undeclared identifier 'PQenterPipelineMode'
int t(void) { void ((*volatile p)()); p = (void ((*)()))PQenterPipelineMode; return !p; }
                                                        ^
conftest.c:17:20: error: use of undeclared identifier 'PGRES_PIPELINE_SYNC'
 int con(){ return PGRES_PIPELINE_SYNC; }
                   ^
2 errors generated.
checked program was:
/* begin */
 1: #include "ruby.h"
 2: 
 3: #include <libpq-fe.h>
 4: 
 5: /*top*/
 6: extern int t(void);
 7: int main(int argc, char **argv)
 8: {
 9:   if (argc > 1000000) {
10:     int (* volatile tp)(void)=(int (*)(void))&t;
11:     printf("%d", (*tp)());
12:   }
13: 
14:   return !!argv[argc];
15: }
16: int t(void) { void ((*volatile p)()); p = (void ((*)()))PQenterPipelineMode; return !p; }
17:  int con(){ return PGRES_PIPELINE_SYNC; }
/* end */

DYLD_FALLBACK_LIBRARY_PATH=.:/Users/dannyhuang/.rvm/rubies/ruby-3.2.2/lib "gcc -o conftest -I/Users/dannyhuang/.rvm/rubies/ruby-3.2.2/include/ruby-3.2.0/x86_64-darwin23 -I/Users/dannyhuang/.rvm/rubies/ruby-3.2.2/include/ruby-3.2.0/ruby/backward -I/Users/dannyhuang/.rvm/rubies/ruby-3.2.2/include/ruby-3.2.0 -I. -I/Applications/Postgres.app/Contents/Versions/12/include -D_XOPEN_SOURCE -D_DARWIN_C_SOURCE -D_DARWIN_UNLIMITED_SELECT -D_REENTRANT   -O3 -I/usr/local/opt/libyaml/include -I/usr/local/opt/libksba/include -I/usr/local/opt/readline/include -I/usr/local/opt/zlib/include -I/usr/local/opt/openssl@1.1/include -fdeclspec -O3 -fno-fast-math -ggdb3 -Wall -Wextra -Wextra-tokens -Wdeprecated-declarations -Wdivision-by-zero -Wdiv-by-zero -Wimplicit-function-declaration -Wimplicit-int -Wpointer-arith -Wshorten-64-to-32 -Wwrite-strings -Wold-style-definition -Wmissing-noreturn -Wno-constant-logical-operand -Wno-long-long -Wno-missing-field-initializers -Wno-overlength-strings -Wno-parentheses-equality -Wno-self-assign -Wno-tautological-compare -Wno-unused-parameter -Wno-unused-value -Wunused-variable -Wundef -fno-common -pipe conftest.c  -L. -L/Users/dannyhuang/.rvm/rubies/ruby-3.2.2/lib -L/Applications/Postgres.app/Contents/Versions/12/lib -L. -L/usr/local/opt/libyaml/lib -L/usr/local/opt/libksba/lib -L/usr/local/opt/readline/lib -L/usr/local/opt/zlib/lib -L/usr/local/opt/openssl@1.1/lib -fstack-protector-strong -Wl,-rpath,/Applications/Postgres.app/Contents/Versions/12/lib    -lpq  -lruby.3.2 -lpq  -lpthread  "
conftest.c:18:20: error: use of undeclared identifier 'PGRES_PIPELINE_SYNC'
 int con(){ return PGRES_PIPELINE_SYNC; }
                   ^
1 error generated.
checked program was:
/* begin */
 1: #include "ruby.h"
 2: 
 3: #include <libpq-fe.h>
 4: 
 5: /*top*/
 6: extern int t(void);
 7: int main(int argc, char **argv)
 8: {
 9:   if (argc > 1000000) {
10:     int (* volatile tp)(void)=(int (*)(void))&t;
11:     printf("%d", (*tp)());
12:   }
13: 
14:   return !!argv[argc];
15: }
16: extern void PQenterPipelineMode();
17: int t(void) { PQenterPipelineMode(); return 0; }
18:  int con(){ return PGRES_PIPELINE_SYNC; }
/* end */

--------------------

have_func: checking for timegm()... -------------------- yes

DYLD_FALLBACK_LIBRARY_PATH=.:/Users/dannyhuang/.rvm/rubies/ruby-3.2.2/lib "gcc -o conftest -I/Users/dannyhuang/.rvm/rubies/ruby-3.2.2/include/ruby-3.2.0/x86_64-darwin23 -I/Users/dannyhuang/.rvm/rubies/ruby-3.2.2/include/ruby-3.2.0/ruby/backward -I/Users/dannyhuang/.rvm/rubies/ruby-3.2.2/include/ruby-3.2.0 -I. -I/Applications/Postgres.app/Contents/Versions/12/include -D_XOPEN_SOURCE -D_DARWIN_C_SOURCE -D_DARWIN_UNLIMITED_SELECT -D_REENTRANT   -O3 -I/usr/local/opt/libyaml/include -I/usr/local/opt/libksba/include -I/usr/local/opt/readline/include -I/usr/local/opt/zlib/include -I/usr/local/opt/openssl@1.1/include -fdeclspec -O3 -fno-fast-math -ggdb3 -Wall -Wextra -Wextra-tokens -Wdeprecated-declarations -Wdivision-by-zero -Wdiv-by-zero -Wimplicit-function-declaration -Wimplicit-int -Wpointer-arith -Wshorten-64-to-32 -Wwrite-strings -Wold-style-definition -Wmissing-noreturn -Wno-constant-logical-operand -Wno-long-long -Wno-missing-field-initializers -Wno-overlength-strings -Wno-parentheses-equality -Wno-self-assign -Wno-tautological-compare -Wno-unused-parameter -Wno-unused-value -Wunused-variable -Wundef -fno-common -pipe conftest.c  -L. -L/Users/dannyhuang/.rvm/rubies/ruby-3.2.2/lib -L/Applications/Postgres.app/Contents/Versions/12/lib -L. -L/usr/local/opt/libyaml/lib -L/usr/local/opt/libksba/lib -L/usr/local/opt/readline/lib -L/usr/local/opt/zlib/lib -L/usr/local/opt/openssl@1.1/lib -fstack-protector-strong -Wl,-rpath,/Applications/Postgres.app/Contents/Versions/12/lib    -lpq  -lruby.3.2 -lpq  -lpthread  "
checked program was:
/* begin */
 1: #include "ruby.h"
 2: 
 3: /*top*/
 4: extern int t(void);
 5: int main(int argc, char **argv)
 6: {
 7:   if (argc > 1000000) {
 8:     int (* volatile tp)(void)=(int (*)(void))&t;
 9:     printf("%d", (*tp)());
10:   }
11: 
12:   return !!argv[argc];
13: }
14: int t(void) { void ((*volatile p)()); p = (void ((*)()))timegm; return !p; }
/* end */

--------------------

have_func: checking for rb_gc_adjust_memory_usage()... -------------------- yes

DYLD_FALLBACK_LIBRARY_PATH=.:/Users/dannyhuang/.rvm/rubies/ruby-3.2.2/lib "gcc -o conftest -I/Users/dannyhuang/.rvm/rubies/ruby-3.2.2/include/ruby-3.2.0/x86_64-darwin23 -I/Users/dannyhuang/.rvm/rubies/ruby-3.2.2/include/ruby-3.2.0/ruby/backward -I/Users/dannyhuang/.rvm/rubies/ruby-3.2.2/include/ruby-3.2.0 -I. -I/Applications/Postgres.app/Contents/Versions/12/include -D_XOPEN_SOURCE -D_DARWIN_C_SOURCE -D_DARWIN_UNLIMITED_SELECT -D_REENTRANT   -O3 -I/usr/local/opt/libyaml/include -I/usr/local/opt/libksba/include -I/usr/local/opt/readline/include -I/usr/local/opt/zlib/include -I/usr/local/opt/openssl@1.1/include -fdeclspec -O3 -fno-fast-math -ggdb3 -Wall -Wextra -Wextra-tokens -Wdeprecated-declarations -Wdivision-by-zero -Wdiv-by-zero -Wimplicit-function-declaration -Wimplicit-int -Wpointer-arith -Wshorten-64-to-32 -Wwrite-strings -Wold-style-definition -Wmissing-noreturn -Wno-constant-logical-operand -Wno-long-long -Wno-missing-field-initializers -Wno-overlength-strings -Wno-parentheses-equality -Wno-self-assign -Wno-tautological-compare -Wno-unused-parameter -Wno-unused-value -Wunused-variable -Wundef -fno-common -pipe conftest.c  -L. -L/Users/dannyhuang/.rvm/rubies/ruby-3.2.2/lib -L/Applications/Postgres.app/Contents/Versions/12/lib -L. -L/usr/local/opt/libyaml/lib -L/usr/local/opt/libksba/lib -L/usr/local/opt/readline/lib -L/usr/local/opt/zlib/lib -L/usr/local/opt/openssl@1.1/lib -fstack-protector-strong -Wl,-rpath,/Applications/Postgres.app/Contents/Versions/12/lib    -lpq  -lruby.3.2 -lpq  -lpthread  "
checked program was:
/* begin */
 1: #include "ruby.h"
 2: 
 3: /*top*/
 4: extern int t(void);
 5: int main(int argc, char **argv)
 6: {
 7:   if (argc > 1000000) {
 8:     int (* volatile tp)(void)=(int (*)(void))&t;
 9:     printf("%d", (*tp)());
10:   }
11: 
12:   return !!argv[argc];
13: }
14: int t(void) { void ((*volatile p)()); p = (void ((*)()))rb_gc_adjust_memory_usage; return !p; }
/* end */

--------------------

have_func: checking for rb_gc_mark_movable()... -------------------- yes

DYLD_FALLBACK_LIBRARY_PATH=.:/Users/dannyhuang/.rvm/rubies/ruby-3.2.2/lib "gcc -o conftest -I/Users/dannyhuang/.rvm/rubies/ruby-3.2.2/include/ruby-3.2.0/x86_64-darwin23 -I/Users/dannyhuang/.rvm/rubies/ruby-3.2.2/include/ruby-3.2.0/ruby/backward -I/Users/dannyhuang/.rvm/rubies/ruby-3.2.2/include/ruby-3.2.0 -I. -I/Applications/Postgres.app/Contents/Versions/12/include -D_XOPEN_SOURCE -D_DARWIN_C_SOURCE -D_DARWIN_UNLIMITED_SELECT -D_REENTRANT   -O3 -I/usr/local/opt/libyaml/include -I/usr/local/opt/libksba/include -I/usr/local/opt/readline/include -I/usr/local/opt/zlib/include -I/usr/local/opt/openssl@1.1/include -fdeclspec -O3 -fno-fast-math -ggdb3 -Wall -Wextra -Wextra-tokens -Wdeprecated-declarations -Wdivision-by-zero -Wdiv-by-zero -Wimplicit-function-declaration -Wimplicit-int -Wpointer-arith -Wshorten-64-to-32 -Wwrite-strings -Wold-style-definition -Wmissing-noreturn -Wno-constant-logical-operand -Wno-long-long -Wno-missing-field-initializers -Wno-overlength-strings -Wno-parentheses-equality -Wno-self-assign -Wno-tautological-compare -Wno-unused-parameter -Wno-unused-value -Wunused-variable -Wundef -fno-common -pipe conftest.c  -L. -L/Users/dannyhuang/.rvm/rubies/ruby-3.2.2/lib -L/Applications/Postgres.app/Contents/Versions/12/lib -L. -L/usr/local/opt/libyaml/lib -L/usr/local/opt/libksba/lib -L/usr/local/opt/readline/lib -L/usr/local/opt/zlib/lib -L/usr/local/opt/openssl@1.1/lib -fstack-protector-strong -Wl,-rpath,/Applications/Postgres.app/Contents/Versions/12/lib    -lpq  -lruby.3.2 -lpq  -lpthread  "
checked program was:
/* begin */
 1: #include "ruby.h"
 2: 
 3: /*top*/
 4: extern int t(void);
 5: int main(int argc, char **argv)
 6: {
 7:   if (argc > 1000000) {
 8:     int (* volatile tp)(void)=(int (*)(void))&t;
 9:     printf("%d", (*tp)());
10:   }
11: 
12:   return !!argv[argc];
13: }
14: int t(void) { void ((*volatile p)()); p = (void ((*)()))rb_gc_mark_movable; return !p; }
/* end */

--------------------

have_func: checking for rb_io_wait()... -------------------- yes

DYLD_FALLBACK_LIBRARY_PATH=.:/Users/dannyhuang/.rvm/rubies/ruby-3.2.2/lib "gcc -o conftest -I/Users/dannyhuang/.rvm/rubies/ruby-3.2.2/include/ruby-3.2.0/x86_64-darwin23 -I/Users/dannyhuang/.rvm/rubies/ruby-3.2.2/include/ruby-3.2.0/ruby/backward -I/Users/dannyhuang/.rvm/rubies/ruby-3.2.2/include/ruby-3.2.0 -I. -I/Applications/Postgres.app/Contents/Versions/12/include -D_XOPEN_SOURCE -D_DARWIN_C_SOURCE -D_DARWIN_UNLIMITED_SELECT -D_REENTRANT   -O3 -I/usr/local/opt/libyaml/include -I/usr/local/opt/libksba/include -I/usr/local/opt/readline/include -I/usr/local/opt/zlib/include -I/usr/local/opt/openssl@1.1/include -fdeclspec -O3 -fno-fast-math -ggdb3 -Wall -Wextra -Wextra-tokens -Wdeprecated-declarations -Wdivision-by-zero -Wdiv-by-zero -Wimplicit-function-declaration -Wimplicit-int -Wpointer-arith -Wshorten-64-to-32 -Wwrite-strings -Wold-style-definition -Wmissing-noreturn -Wno-constant-logical-operand -Wno-long-long -Wno-missing-field-initializers -Wno-overlength-strings -Wno-parentheses-equality -Wno-self-assign -Wno-tautological-compare -Wno-unused-parameter -Wno-unused-value -Wunused-variable -Wundef -fno-common -pipe conftest.c  -L. -L/Users/dannyhuang/.rvm/rubies/ruby-3.2.2/lib -L/Applications/Postgres.app/Contents/Versions/12/lib -L. -L/usr/local/opt/libyaml/lib -L/usr/local/opt/libksba/lib -L/usr/local/opt/readline/lib -L/usr/local/opt/zlib/lib -L/usr/local/opt/openssl@1.1/lib -fstack-protector-strong -Wl,-rpath,/Applications/Postgres.app/Contents/Versions/12/lib    -lpq  -lruby.3.2 -lpq  -lpthread  "
conftest.c:14:57: error: use of undeclared identifier 'rb_io_wait'
int t(void) { void ((*volatile p)()); p = (void ((*)()))rb_io_wait; return !p; }
                                                        ^
1 error generated.
checked program was:
/* begin */
 1: #include "ruby.h"
 2: 
 3: /*top*/
 4: extern int t(void);
 5: int main(int argc, char **argv)
 6: {
 7:   if (argc > 1000000) {
 8:     int (* volatile tp)(void)=(int (*)(void))&t;
 9:     printf("%d", (*tp)());
10:   }
11: 
12:   return !!argv[argc];
13: }
14: int t(void) { void ((*volatile p)()); p = (void ((*)()))rb_io_wait; return !p; }
/* end */

DYLD_FALLBACK_LIBRARY_PATH=.:/Users/dannyhuang/.rvm/rubies/ruby-3.2.2/lib "gcc -o conftest -I/Users/dannyhuang/.rvm/rubies/ruby-3.2.2/include/ruby-3.2.0/x86_64-darwin23 -I/Users/dannyhuang/.rvm/rubies/ruby-3.2.2/include/ruby-3.2.0/ruby/backward -I/Users/dannyhuang/.rvm/rubies/ruby-3.2.2/include/ruby-3.2.0 -I. -I/Applications/Postgres.app/Contents/Versions/12/include -D_XOPEN_SOURCE -D_DARWIN_C_SOURCE -D_DARWIN_UNLIMITED_SELECT -D_REENTRANT   -O3 -I/usr/local/opt/libyaml/include -I/usr/local/opt/libksba/include -I/usr/local/opt/readline/include -I/usr/local/opt/zlib/include -I/usr/local/opt/openssl@1.1/include -fdeclspec -O3 -fno-fast-math -ggdb3 -Wall -Wextra -Wextra-tokens -Wdeprecated-declarations -Wdivision-by-zero -Wdiv-by-zero -Wimplicit-function-declaration -Wimplicit-int -Wpointer-arith -Wshorten-64-to-32 -Wwrite-strings -Wold-style-definition -Wmissing-noreturn -Wno-constant-logical-operand -Wno-long-long -Wno-missing-field-initializers -Wno-overlength-strings -Wno-parentheses-equality -Wno-self-assign -Wno-tautological-compare -Wno-unused-parameter -Wno-unused-value -Wunused-variable -Wundef -fno-common -pipe conftest.c  -L. -L/Users/dannyhuang/.rvm/rubies/ruby-3.2.2/lib -L/Applications/Postgres.app/Contents/Versions/12/lib -L. -L/usr/local/opt/libyaml/lib -L/usr/local/opt/libksba/lib -L/usr/local/opt/readline/lib -L/usr/local/opt/zlib/lib -L/usr/local/opt/openssl@1.1/lib -fstack-protector-strong -Wl,-rpath,/Applications/Postgres.app/Contents/Versions/12/lib    -lpq  -lruby.3.2 -lpq  -lpthread  "
checked program was:
/* begin */
 1: #include "ruby.h"
 2: 
 3: /*top*/
 4: extern int t(void);
 5: int main(int argc, char **argv)
 6: {
 7:   if (argc > 1000000) {
 8:     int (* volatile tp)(void)=(int (*)(void))&t;
 9:     printf("%d", (*tp)());
10:   }
11: 
12:   return !!argv[argc];
13: }
14: extern void rb_io_wait();
15: int t(void) { rb_io_wait(); return 0; }
/* end */

--------------------

have_func: checking for rb_io_descriptor()... -------------------- yes

DYLD_FALLBACK_LIBRARY_PATH=.:/Users/dannyhuang/.rvm/rubies/ruby-3.2.2/lib "gcc -o conftest -I/Users/dannyhuang/.rvm/rubies/ruby-3.2.2/include/ruby-3.2.0/x86_64-darwin23 -I/Users/dannyhuang/.rvm/rubies/ruby-3.2.2/include/ruby-3.2.0/ruby/backward -I/Users/dannyhuang/.rvm/rubies/ruby-3.2.2/include/ruby-3.2.0 -I. -I/Applications/Postgres.app/Contents/Versions/12/include -D_XOPEN_SOURCE -D_DARWIN_C_SOURCE -D_DARWIN_UNLIMITED_SELECT -D_REENTRANT   -O3 -I/usr/local/opt/libyaml/include -I/usr/local/opt/libksba/include -I/usr/local/opt/readline/include -I/usr/local/opt/zlib/include -I/usr/local/opt/openssl@1.1/include -fdeclspec -O3 -fno-fast-math -ggdb3 -Wall -Wextra -Wextra-tokens -Wdeprecated-declarations -Wdivision-by-zero -Wdiv-by-zero -Wimplicit-function-declaration -Wimplicit-int -Wpointer-arith -Wshorten-64-to-32 -Wwrite-strings -Wold-style-definition -Wmissing-noreturn -Wno-constant-logical-operand -Wno-long-long -Wno-missing-field-initializers -Wno-overlength-strings -Wno-parentheses-equality -Wno-self-assign -Wno-tautological-compare -Wno-unused-parameter -Wno-unused-value -Wunused-variable -Wundef -fno-common -pipe conftest.c  -L. -L/Users/dannyhuang/.rvm/rubies/ruby-3.2.2/lib -L/Applications/Postgres.app/Contents/Versions/12/lib -L. -L/usr/local/opt/libyaml/lib -L/usr/local/opt/libksba/lib -L/usr/local/opt/readline/lib -L/usr/local/opt/zlib/lib -L/usr/local/opt/openssl@1.1/lib -fstack-protector-strong -Wl,-rpath,/Applications/Postgres.app/Contents/Versions/12/lib    -lpq  -lruby.3.2 -lpq  -lpthread  "
conftest.c:14:57: error: use of undeclared identifier 'rb_io_descriptor'
int t(void) { void ((*volatile p)()); p = (void ((*)()))rb_io_descriptor; return !p; }
                                                        ^
1 error generated.
checked program was:
/* begin */
 1: #include "ruby.h"
 2: 
 3: /*top*/
 4: extern int t(void);
 5: int main(int argc, char **argv)
 6: {
 7:   if (argc > 1000000) {
 8:     int (* volatile tp)(void)=(int (*)(void))&t;
 9:     printf("%d", (*tp)());
10:   }
11: 
12:   return !!argv[argc];
13: }
14: int t(void) { void ((*volatile p)()); p = (void ((*)()))rb_io_descriptor; return !p; }
/* end */

DYLD_FALLBACK_LIBRARY_PATH=.:/Users/dannyhuang/.rvm/rubies/ruby-3.2.2/lib "gcc -o conftest -I/Users/dannyhuang/.rvm/rubies/ruby-3.2.2/include/ruby-3.2.0/x86_64-darwin23 -I/Users/dannyhuang/.rvm/rubies/ruby-3.2.2/include/ruby-3.2.0/ruby/backward -I/Users/dannyhuang/.rvm/rubies/ruby-3.2.2/include/ruby-3.2.0 -I. -I/Applications/Postgres.app/Contents/Versions/12/include -D_XOPEN_SOURCE -D_DARWIN_C_SOURCE -D_DARWIN_UNLIMITED_SELECT -D_REENTRANT   -O3 -I/usr/local/opt/libyaml/include -I/usr/local/opt/libksba/include -I/usr/local/opt/readline/include -I/usr/local/opt/zlib/include -I/usr/local/opt/openssl@1.1/include -fdeclspec -O3 -fno-fast-math -ggdb3 -Wall -Wextra -Wextra-tokens -Wdeprecated-declarations -Wdivision-by-zero -Wdiv-by-zero -Wimplicit-function-declaration -Wimplicit-int -Wpointer-arith -Wshorten-64-to-32 -Wwrite-strings -Wold-style-definition -Wmissing-noreturn -Wno-constant-logical-operand -Wno-long-long -Wno-missing-field-initializers -Wno-overlength-strings -Wno-parentheses-equality -Wno-self-assign -Wno-tautological-compare -Wno-unused-parameter -Wno-unused-value -Wunused-variable -Wundef -fno-common -pipe conftest.c  -L. -L/Users/dannyhuang/.rvm/rubies/ruby-3.2.2/lib -L/Applications/Postgres.app/Contents/Versions/12/lib -L. -L/usr/local/opt/libyaml/lib -L/usr/local/opt/libksba/lib -L/usr/local/opt/readline/lib -L/usr/local/opt/zlib/lib -L/usr/local/opt/openssl@1.1/lib -fstack-protector-strong -Wl,-rpath,/Applications/Postgres.app/Contents/Versions/12/lib    -lpq  -lruby.3.2 -lpq  -lpthread  "
checked program was:
/* begin */
 1: #include "ruby.h"
 2: 
 3: /*top*/
 4: extern int t(void);
 5: int main(int argc, char **argv)
 6: {
 7:   if (argc > 1000000) {
 8:     int (* volatile tp)(void)=(int (*)(void))&t;
 9:     printf("%d", (*tp)());
10:   }
11: 
12:   return !!argv[argc];
13: }
14: extern void rb_io_descriptor();
15: int t(void) { rb_io_descriptor(); return 0; }
/* end */

--------------------

have_header: checking for unistd.h... -------------------- yes

DYLD_FALLBACK_LIBRARY_PATH=.:/Users/dannyhuang/.rvm/rubies/ruby-3.2.2/lib "gcc -I/Users/dannyhuang/.rvm/rubies/ruby-3.2.2/include/ruby-3.2.0/x86_64-darwin23 -I/Users/dannyhuang/.rvm/rubies/ruby-3.2.2/include/ruby-3.2.0/ruby/backward -I/Users/dannyhuang/.rvm/rubies/ruby-3.2.2/include/ruby-3.2.0 -I. -I/Applications/Postgres.app/Contents/Versions/12/include -D_XOPEN_SOURCE -D_DARWIN_C_SOURCE -D_DARWIN_UNLIMITED_SELECT -D_REENTRANT   -O3 -I/usr/local/opt/libyaml/include -I/usr/local/opt/libksba/include -I/usr/local/opt/readline/include -I/usr/local/opt/zlib/include -I/usr/local/opt/openssl@1.1/include -fdeclspec -O3 -fno-fast-math -ggdb3 -Wall -Wextra -Wextra-tokens -Wdeprecated-declarations -Wdivision-by-zero -Wdiv-by-zero -Wimplicit-function-declaration -Wimplicit-int -Wpointer-arith -Wshorten-64-to-32 -Wwrite-strings -Wold-style-definition -Wmissing-noreturn -Wno-constant-logical-operand -Wno-long-long -Wno-missing-field-initializers -Wno-overlength-strings -Wno-parentheses-equality -Wno-self-assign -Wno-tautological-compare -Wno-unused-parameter -Wno-unused-value -Wunused-variable -Wundef -fno-common -pipe   -c conftest.c"
checked program was:
/* begin */
1: #include "ruby.h"
2: 
3: #include <unistd.h>
/* end */

--------------------

have_header: checking for inttypes.h... -------------------- yes

DYLD_FALLBACK_LIBRARY_PATH=.:/Users/dannyhuang/.rvm/rubies/ruby-3.2.2/lib "gcc -I/Users/dannyhuang/.rvm/rubies/ruby-3.2.2/include/ruby-3.2.0/x86_64-darwin23 -I/Users/dannyhuang/.rvm/rubies/ruby-3.2.2/include/ruby-3.2.0/ruby/backward -I/Users/dannyhuang/.rvm/rubies/ruby-3.2.2/include/ruby-3.2.0 -I. -I/Applications/Postgres.app/Contents/Versions/12/include -D_XOPEN_SOURCE -D_DARWIN_C_SOURCE -D_DARWIN_UNLIMITED_SELECT -D_REENTRANT   -O3 -I/usr/local/opt/libyaml/include -I/usr/local/opt/libksba/include -I/usr/local/opt/readline/include -I/usr/local/opt/zlib/include -I/usr/local/opt/openssl@1.1/include -fdeclspec -O3 -fno-fast-math -ggdb3 -Wall -Wextra -Wextra-tokens -Wdeprecated-declarations -Wdivision-by-zero -Wdiv-by-zero -Wimplicit-function-declaration -Wimplicit-int -Wpointer-arith -Wshorten-64-to-32 -Wwrite-strings -Wold-style-definition -Wmissing-noreturn -Wno-constant-logical-operand -Wno-long-long -Wno-missing-field-initializers -Wno-overlength-strings -Wno-parentheses-equality -Wno-self-assign -Wno-tautological-compare -Wno-unused-parameter -Wno-unused-value -Wunused-variable -Wundef -fno-common -pipe   -c conftest.c"
checked program was:
/* begin */
1: #include "ruby.h"
2: 
3: #include <inttypes.h>
/* end */

--------------------

checking for C99 variable length arrays... -------------------- yes

DYLD_FALLBACK_LIBRARY_PATH=.:/Users/dannyhuang/.rvm/rubies/ruby-3.2.2/lib "gcc -I/Users/dannyhuang/.rvm/rubies/ruby-3.2.2/include/ruby-3.2.0/x86_64-darwin23 -I/Users/dannyhuang/.rvm/rubies/ruby-3.2.2/include/ruby-3.2.0/ruby/backward -I/Users/dannyhuang/.rvm/rubies/ruby-3.2.2/include/ruby-3.2.0 -I. -I/Applications/Postgres.app/Contents/Versions/12/include -D_XOPEN_SOURCE -D_DARWIN_C_SOURCE -D_DARWIN_UNLIMITED_SELECT -D_REENTRANT   -O3 -I/usr/local/opt/libyaml/include -I/usr/local/opt/libksba/include -I/usr/local/opt/readline/include -I/usr/local/opt/zlib/include -I/usr/local/opt/openssl@1.1/include -fdeclspec -O3 -fno-fast-math -ggdb3 -Wall -Wextra -Wextra-tokens -Wdeprecated-declarations -Wdivision-by-zero -Wdiv-by-zero -Wimplicit-function-declaration -Wimplicit-int -Wpointer-arith -Wshorten-64-to-32 -Wwrite-strings -Wold-style-definition -Wmissing-noreturn -Wno-constant-logical-operand -Wno-long-long -Wno-missing-field-initializers -Wno-overlength-strings -Wno-parentheses-equality -Wno-self-assign -Wno-tautological-compare -Wno-unused-parameter -Wno-unused-value -Wunused-variable -Wundef -fno-common -pipe   -c conftest.c"
conftest.c:3:27: warning: unused variable 'vla' [-Wunused-variable]
void test_vla(int l){ int vla[l]; }
                          ^
1 warning generated.
checked program was:
/* begin */
1: #include "ruby.h"
2: 
3: void test_vla(int l){ int vla[l]; }
/* end */

--------------------

extconf.h is:
/* begin */
 1: #ifndef EXTCONF_H
 2: #define EXTCONF_H
 3: #define ENABLE_GVL_UNLOCK 1
 4: #define HAVE_PQCONNINFO 1
 5: #define HAVE_PQSSLATTRIBUTE 1
 6: #define HAVE_PQRESULTVERBOSEERRORMESSAGE 1
 7: #define HAVE_PQENCRYPTPASSWORDCONN 1
 8: #define HAVE_PQRESULTMEMORYSIZE 1
 9: #define HAVE_TIMEGM 1
10: #define HAVE_RB_GC_ADJUST_MEMORY_USAGE 1
11: #define HAVE_RB_GC_MARK_MOVABLE 1
12: #define HAVE_RB_IO_WAIT 1
13: #define HAVE_RB_IO_DESCRIPTOR 1
14: #define HAVE_UNISTD_H 1
15: #define HAVE_INTTYPES_H 1
16: #define HAVE_VARIABLE_LENGTH_ARRAYS 1
17: #endif
/* end */

